<?xml version="1.0" encoding="UTF-8" ?>
<testsuite tests="15" failures="7" name="net.onrc.openvirtex.api.service.handlers.tenant.PassingAPITest" time="0.309" errors="6" skipped="0">
  <properties>
[...]
</properties>
  <testcase classname="net.onrc.openvirtex.api.service.handlers.tenant.PassingAPITest" name="testRemoveNetPass" time="0.247">
    <error message="Index: 0, Size: 0" type="java.lang.IndexOutOfBoundsException">java.lang.IndexOutOfBoundsException: Index: 0, Size: 0
	at java.util.LinkedList.checkElementIndex(LinkedList.java:555)
	at java.util.LinkedList.get(LinkedList.java:476)
	at net.onrc.openvirtex.elements.network.OVXNetwork.setLinkPath(OVXNetwork.java:556)
	at net.onrc.openvirtex.api.service.handlers.tenant.SetOVXLinkPath.process(SetOVXLinkPath.java:75)
	at net.onrc.openvirtex.api.service.handlers.tenant.AbstractAPICalls.setLinkPath(AbstractAPICalls.java:159)
	at net.onrc.openvirtex.api.service.handlers.tenant.PassingAPITest.testRemoveNetPass(PassingAPITest.java:364)
</error>
    <system-out>09:47:37.435 [main] ERROR net.onrc.openvirtex.db.DBManager - Failed to insert document into database: null
</system-out>
  </testcase>
  <testcase classname="net.onrc.openvirtex.api.service.handlers.tenant.PassingAPITest" name="testRemoveSwitchPass" time="0">
    <error message="Index: 0, Size: 0" type="java.lang.IndexOutOfBoundsException">java.lang.IndexOutOfBoundsException: Index: 0, Size: 0
	at java.util.LinkedList.checkElementIndex(LinkedList.java:555)
	at java.util.LinkedList.get(LinkedList.java:476)
	at net.onrc.openvirtex.elements.network.OVXNetwork.setLinkPath(OVXNetwork.java:556)
	at net.onrc.openvirtex.api.service.handlers.tenant.SetOVXLinkPath.process(SetOVXLinkPath.java:75)
	at net.onrc.openvirtex.api.service.handlers.tenant.AbstractAPICalls.setLinkPath(AbstractAPICalls.java:159)
	at net.onrc.openvirtex.api.service.handlers.tenant.PassingAPITest.testRemoveSwitchPass(PassingAPITest.java:416)
</error>
    <system-out>09:47:37.504 [main] ERROR net.onrc.openvirtex.db.DBManager - Failed to insert document into database: null
</system-out>
  </testcase>
  <testcase classname="net.onrc.openvirtex.api.service.handlers.tenant.PassingAPITest" name="testRemovePortPass" time="0.003">
    <error message="Index: 0, Size: 0" type="java.lang.IndexOutOfBoundsException">java.lang.IndexOutOfBoundsException: Index: 0, Size: 0
	at java.util.LinkedList.checkElementIndex(LinkedList.java:555)
	at java.util.LinkedList.get(LinkedList.java:476)
	at net.onrc.openvirtex.elements.network.OVXNetwork.setLinkPath(OVXNetwork.java:556)
	at net.onrc.openvirtex.api.service.handlers.tenant.SetOVXLinkPath.process(SetOVXLinkPath.java:75)
	at net.onrc.openvirtex.api.service.handlers.tenant.AbstractAPICalls.setLinkPath(AbstractAPICalls.java:159)
	at net.onrc.openvirtex.api.service.handlers.tenant.PassingAPITest.testRemovePortPass(PassingAPITest.java:468)
</error>
    <system-out>09:47:37.510 [main] ERROR net.onrc.openvirtex.db.DBManager - Failed to insert document into database: null
</system-out>
  </testcase>
  <testcase classname="net.onrc.openvirtex.api.service.handlers.tenant.PassingAPITest" name="testDisconnectLinkPass" time="0.018">
    <error message="Index: 0, Size: 0" type="java.lang.IndexOutOfBoundsException">java.lang.IndexOutOfBoundsException: Index: 0, Size: 0
	at java.util.LinkedList.checkElementIndex(LinkedList.java:555)
	at java.util.LinkedList.get(LinkedList.java:476)
	at net.onrc.openvirtex.elements.network.OVXNetwork.setLinkPath(OVXNetwork.java:556)
	at net.onrc.openvirtex.api.service.handlers.tenant.SetOVXLinkPath.process(SetOVXLinkPath.java:75)
	at net.onrc.openvirtex.api.service.handlers.tenant.AbstractAPICalls.setLinkPath(AbstractAPICalls.java:159)
	at net.onrc.openvirtex.api.service.handlers.tenant.PassingAPITest.testDisconnectLinkPass(PassingAPITest.java:521)
</error>
    <system-out>09:47:37.520 [main] ERROR net.onrc.openvirtex.db.DBManager - Failed to insert document into database: null
</system-out>
  </testcase>
  <testcase classname="net.onrc.openvirtex.api.service.handlers.tenant.PassingAPITest" name="testDisconnectHostPass" time="0.004">
    <error message="Index: 0, Size: 0" type="java.lang.IndexOutOfBoundsException">java.lang.IndexOutOfBoundsException: Index: 0, Size: 0
	at java.util.LinkedList.checkElementIndex(LinkedList.java:555)
	at java.util.LinkedList.get(LinkedList.java:476)
	at net.onrc.openvirtex.elements.network.OVXNetwork.setLinkPath(OVXNetwork.java:556)
	at net.onrc.openvirtex.api.service.handlers.tenant.SetOVXLinkPath.process(SetOVXLinkPath.java:75)
	at net.onrc.openvirtex.api.service.handlers.tenant.AbstractAPICalls.setLinkPath(AbstractAPICalls.java:159)
	at net.onrc.openvirtex.api.service.handlers.tenant.PassingAPITest.testDisconnectHostPass(PassingAPITest.java:574)
</error>
    <system-out>09:47:37.532 [main] ERROR net.onrc.openvirtex.db.DBManager - Failed to insert document into database: null
</system-out>
  </testcase>
  <testcase classname="net.onrc.openvirtex.api.service.handlers.tenant.PassingAPITest" name="testDisconnectRoutePass" time="0.015">
    <failure message="Remove switch route should not return null" type="junit.framework.AssertionFailedError">junit.framework.AssertionFailedError: Remove switch route should not return null
	at junit.framework.Assert.fail(Assert.java:47)
	at junit.framework.Assert.assertTrue(Assert.java:20)
	at junit.framework.Assert.assertNull(Assert.java:233)
	at net.onrc.openvirtex.api.service.handlers.tenant.PassingAPITest.testDisconnectRoutePass(PassingAPITest.java:634)
</failure>
    <system-out>09:47:37.539 [main] ERROR net.onrc.openvirtex.db.DBManager - Failed to insert document into database: null
</system-out>
  </testcase>
  <testcase classname="net.onrc.openvirtex.api.service.handlers.tenant.PassingAPITest" name="testCreateSingleSwitch" time="0.005">
    <failure message="CreateOVXSwitch should not return null" type="junit.framework.AssertionFailedError">junit.framework.AssertionFailedError: CreateOVXSwitch should not return null
	at junit.framework.Assert.fail(Assert.java:47)
	at junit.framework.Assert.assertTrue(Assert.java:20)
	at junit.framework.Assert.assertNull(Assert.java:233)
	at net.onrc.openvirtex.api.service.handlers.tenant.PassingAPITest.testCreateSingleSwitch(PassingAPITest.java:84)
</failure>
    <system-out>09:47:37.551 [main] ERROR net.onrc.openvirtex.db.DBManager - Failed to insert document into database: null
</system-out>
  </testcase>
  <testcase classname="net.onrc.openvirtex.api.service.handlers.tenant.PassingAPITest" name="testCreateBigSwitch" time="0.004">
    <failure message="CreateOVXSwitch should not return null" type="junit.framework.AssertionFailedError">junit.framework.AssertionFailedError: CreateOVXSwitch should not return null
	at junit.framework.Assert.fail(Assert.java:47)
	at junit.framework.Assert.assertTrue(Assert.java:20)
	at junit.framework.Assert.assertNull(Assert.java:233)
	at net.onrc.openvirtex.api.service.handlers.tenant.PassingAPITest.testCreateBigSwitch(PassingAPITest.java:117)
</failure>
    <system-out>09:47:37.556 [main] ERROR net.onrc.openvirtex.db.DBManager - Failed to insert document into database: null
</system-out>
  </testcase>
  <testcase classname="net.onrc.openvirtex.api.service.handlers.tenant.PassingAPITest" name="testCreateNetPass" time="0"/>
  <testcase classname="net.onrc.openvirtex.api.service.handlers.tenant.PassingAPITest" name="testCreatePort" time="0.002">
    <failure message="CreateOVXPort should not return null" type="junit.framework.AssertionFailedError">junit.framework.AssertionFailedError: CreateOVXPort should not return null
	at junit.framework.Assert.fail(Assert.java:47)
	at junit.framework.Assert.assertTrue(Assert.java:20)
	at junit.framework.Assert.assertNull(Assert.java:233)
	at net.onrc.openvirtex.api.service.handlers.tenant.PassingAPITest.testCreatePort(PassingAPITest.java:147)
</failure>
    <system-out>09:47:37.560 [main] ERROR net.onrc.openvirtex.db.DBManager - Failed to insert document into database: null
</system-out>
  </testcase>
  <testcase classname="net.onrc.openvirtex.api.service.handlers.tenant.PassingAPITest" name="testConnectHost" time="0.002">
    <failure message="ConnectHost: Invalid port : The ovx port specified is invalid: tenantId, dpid, port - 1, 46200400562356225, 1" type="junit.framework.AssertionFailedError">junit.framework.AssertionFailedError: ConnectHost: Invalid port : The ovx port specified is invalid: tenantId, dpid, port - 1, 46200400562356225, 1
	at junit.framework.Assert.fail(Assert.java:47)
	at junit.framework.Assert.assertTrue(Assert.java:20)
	at junit.framework.Assert.assertNull(Assert.java:233)
	at net.onrc.openvirtex.api.service.handlers.tenant.PassingAPITest.testConnectHost(PassingAPITest.java:177)
</failure>
    <system-out>09:47:37.563 [main] ERROR net.onrc.openvirtex.db.DBManager - Failed to insert document into database: null
</system-out>
  </testcase>
  <testcase classname="net.onrc.openvirtex.api.service.handlers.tenant.PassingAPITest" name="testConnectLink" time="0.002">
    <failure message="ConnectOVXLink: Invalid virtual switch id : The switch id you have provided does not belong to this virtual network: 1" type="junit.framework.AssertionFailedError">junit.framework.AssertionFailedError: ConnectOVXLink: Invalid virtual switch id : The switch id you have provided does not belong to this virtual network: 1
	at junit.framework.Assert.fail(Assert.java:47)
	at junit.framework.Assert.assertTrue(Assert.java:20)
	at junit.framework.Assert.assertNull(Assert.java:233)
	at net.onrc.openvirtex.api.service.handlers.tenant.PassingAPITest.testConnectLink(PassingAPITest.java:228)
</failure>
    <system-out>09:47:37.565 [main] ERROR net.onrc.openvirtex.db.DBManager - Failed to insert document into database: null
</system-out>
  </testcase>
  <testcase classname="net.onrc.openvirtex.api.service.handlers.tenant.PassingAPITest" name="testConnectRoutePass" time="0.002">
    <failure message="ConnectOVXRoute should not return null" type="junit.framework.AssertionFailedError">junit.framework.AssertionFailedError: ConnectOVXRoute should not return null
	at junit.framework.Assert.fail(Assert.java:47)
	at junit.framework.Assert.assertTrue(Assert.java:20)
	at junit.framework.Assert.assertNull(Assert.java:233)
	at net.onrc.openvirtex.api.service.handlers.tenant.PassingAPITest.testConnectRoutePass(PassingAPITest.java:307)
</failure>
    <system-out>09:47:37.568 [main] ERROR net.onrc.openvirtex.db.DBManager - Failed to insert document into database: null
</system-out>
  </testcase>
  <testcase classname="net.onrc.openvirtex.api.service.handlers.tenant.PassingAPITest" name="testStopNetPass" time="0.005">
    <error message="Index: 0, Size: 0" type="java.lang.IndexOutOfBoundsException">java.lang.IndexOutOfBoundsException: Index: 0, Size: 0
	at java.util.LinkedList.checkElementIndex(LinkedList.java:555)
	at java.util.LinkedList.get(LinkedList.java:476)
	at net.onrc.openvirtex.elements.network.OVXNetwork.setLinkPath(OVXNetwork.java:556)
	at net.onrc.openvirtex.api.service.handlers.tenant.SetOVXLinkPath.process(SetOVXLinkPath.java:75)
	at net.onrc.openvirtex.api.service.handlers.tenant.AbstractAPICalls.setLinkPath(AbstractAPICalls.java:159)
	at net.onrc.openvirtex.api.service.handlers.tenant.PassingAPITest.testStopNetPass(PassingAPITest.java:687)
</error>
    <system-out>09:47:37.574 [main] ERROR net.onrc.openvirtex.db.DBManager - Failed to insert document into database: null
</system-out>
  </testcase>
  <testcase classname="net.onrc.openvirtex.api.service.handlers.tenant.PassingAPITest" name="testPassing" time="0"/>
</testsuite>